# JRE version: OpenJDK Runtime Environment (21.0.3) (build 21.0.3+-12282718-b509.11)
# Java VM: OpenJDK 64-Bit Server VM (21.0.3+-12282718-b509.11, mixed mode, tiered, compressed oops, compressed class ptrs, g1 gc, windows-amd64)
GC Precious Log:
 CardTable entry size: 512
 Card Set container configuration: InlinePtr #cards 5 size 8 Array Of Cards #cards 12 size 40 Howl #buckets 4 coarsen threshold 1843 Howl Bitmap #cards 512 size 80 coarsen threshold 460 Card regions per heap region 1 cards per card region 2048
 CPUs: 8 total, 8 available
 Memory: 8029M
 Large Page Support: Disabled
 NUMA Support: Disabled
 Compressed Oops: Enabled (32-bit)
 Heap Region Size: 1M
 Heap Min Capacity: 8M
 Heap Initial Capacity: 126M
 Heap Max Capacity: 2008M
 Pre-touch: Disabled
 Parallel Workers: 8
 Concurrent Workers: 2
 Concurrent Refinement Workers: 8
 Periodic GC: Disabled
Heap:
 garbage-first heap   total 171008K, used 117009K [0x0000000082800000, 0x0000000100000000)
  region size 1024K, 20 young (20480K), 7 survivors (7168K)
 Metaspace       used 85545K, committed 85952K, reserved 1179648K
  class space    used 9235K, committed 9408K, reserved 1048576K
GC Heap History (20 events):
Event: 6.089 GC heap before
{Heap before GC invocations=19 (full 0):
 garbage-first heap   total 98304K, used 81664K [0x0000000082800000, 0x0000000100000000)
  region size 1024K, 34 young (34816K), 5 survivors (5120K)
 Metaspace       used 59540K, committed 59840K, reserved 1114112K
  class space    used 6953K, committed 7040K, reserved 1048576K
}
Event: 6.106 GC heap after
{Heap after GC invocations=20 (full 0):
 garbage-first heap   total 98304K, used 58327K [0x0000000082800000, 0x0000000100000000)
  region size 1024K, 5 young (5120K), 5 survivors (5120K)
 Metaspace       used 59540K, committed 59840K, reserved 1114112K
  class space    used 6953K, committed 7040K, reserved 1048576K
}
Event: 6.562 GC heap before
{Heap before GC invocations=20 (full 0):
 garbage-first heap   total 98304K, used 83927K [0x0000000082800000, 0x0000000100000000)
  region size 1024K, 30 young (30720K), 5 survivors (5120K)
 Metaspace       used 60627K, committed 60928K, reserved 1114112K
  class space    used 7020K, committed 7104K, reserved 1048576K
}
Event: 6.579 GC heap after
{Heap after GC invocations=21 (full 0):
 garbage-first heap   total 98304K, used 63447K [0x0000000082800000, 0x0000000100000000)
  region size 1024K, 4 young (4096K), 4 survivors (4096K)
 Metaspace       used 60627K, committed 60928K, reserved 1114112K
  class space    used 7020K, committed 7104K, reserved 1048576K
}
Event: 7.325 GC heap before
{Heap before GC invocations=22 (full 0):
 garbage-first heap   total 109568K, used 83927K [0x0000000082800000, 0x0000000100000000)
  region size 1024K, 26 young (26624K), 4 survivors (4096K)
 Metaspace       used 63754K, committed 64128K, reserved 1114112K
  class space    used 7303K, committed 7488K, reserved 1048576K
}
Event: 7.337 GC heap after
{Heap after GC invocations=23 (full 0):
 garbage-first heap   total 109568K, used 65846K [0x0000000082800000, 0x0000000100000000)
  region size 1024K, 3 young (3072K), 3 survivors (3072K)
 Metaspace       used 63754K, committed 64128K, reserved 1114112K
  class space    used 7303K, committed 7488K, reserved 1048576K
}
Event: 7.582 GC heap before
{Heap before GC invocations=23 (full 0):
 garbage-first heap   total 109568K, used 94518K [0x0000000082800000, 0x0000000100000000)
  region size 1024K, 31 young (31744K), 3 survivors (3072K)
 Metaspace       used 63925K, committed 64320K, reserved 1114112K
  class space    used 7308K, committed 7488K, reserved 1048576K
}
Event: 7.598 GC heap after
{Heap after GC invocations=24 (full 0):
 garbage-first heap   total 109568K, used 71639K [0x0000000082800000, 0x0000000100000000)
  region size 1024K, 4 young (4096K), 4 survivors (4096K)
 Metaspace       used 63925K, committed 64320K, reserved 1114112K
  class space    used 7308K, committed 7488K, reserved 1048576K
}
Event: 7.852 GC heap before
{Heap before GC invocations=24 (full 0):
 garbage-first heap   total 109568K, used 96215K [0x0000000082800000, 0x0000000100000000)
  region size 1024K, 28 young (28672K), 4 survivors (4096K)
 Metaspace       used 66394K, committed 66752K, reserved 1114112K
  class space    used 7534K, committed 7744K, reserved 1048576K
}
Event: 7.863 GC heap after
{Heap after GC invocations=25 (full 0):
 garbage-first heap   total 143360K, used 75608K [0x0000000082800000, 0x0000000100000000)
  region size 1024K, 4 young (4096K), 4 survivors (4096K)
 Metaspace       used 66394K, committed 66752K, reserved 1114112K
  class space    used 7534K, committed 7744K, reserved 1048576K
}
Event: 8.585 GC heap before
{Heap before GC invocations=26 (full 0):
 garbage-first heap   total 143360K, used 120664K [0x0000000082800000, 0x0000000100000000)
  region size 1024K, 49 young (50176K), 4 survivors (4096K)
 Metaspace       used 71340K, committed 71680K, reserved 1114112K
  class space    used 7961K, committed 8128K, reserved 1048576K
}
Event: 8.604 GC heap after
{Heap after GC invocations=27 (full 0):
 garbage-first heap   total 143360K, used 82784K [0x0000000082800000, 0x0000000100000000)
  region size 1024K, 7 young (7168K), 7 survivors (7168K)
 Metaspace       used 71340K, committed 71680K, reserved 1114112K
  class space    used 7961K, committed 8128K, reserved 1048576K
}
Event: 9.185 GC heap before
{Heap before GC invocations=27 (full 0):
 garbage-first heap   total 143360K, used 124768K [0x0000000082800000, 0x0000000100000000)
  region size 1024K, 48 young (49152K), 7 survivors (7168K)
 Metaspace       used 73938K, committed 74304K, reserved 1179648K
  class space    used 8132K, committed 8320K, reserved 1048576K
}
Event: 9.204 GC heap after
{Heap after GC invocations=28 (full 0):
 garbage-first heap   total 143360K, used 88458K [0x0000000082800000, 0x0000000100000000)
  region size 1024K, 6 young (6144K), 6 survivors (6144K)
 Metaspace       used 73938K, committed 74304K, reserved 1179648K
  class space    used 8132K, committed 8320K, reserved 1048576K
}
Event: 9.600 GC heap before
{Heap before GC invocations=28 (full 0):
 garbage-first heap   total 143360K, used 125322K [0x0000000082800000, 0x0000000100000000)
  region size 1024K, 42 young (43008K), 6 survivors (6144K)
 Metaspace       used 76138K, committed 76544K, reserved 1179648K
  class space    used 8377K, committed 8576K, reserved 1048576K
}
Event: 9.619 GC heap after
{Heap after GC invocations=29 (full 0):
 garbage-first heap   total 143360K, used 96169K [0x0000000082800000, 0x0000000100000000)
  region size 1024K, 6 young (6144K), 6 survivors (6144K)
 Metaspace       used 76138K, committed 76544K, reserved 1179648K
  class space    used 8377K, committed 8576K, reserved 1048576K
}
Event: 10.087 GC heap before
{Heap before GC invocations=30 (full 0):
 garbage-first heap   total 171008K, used 125865K [0x0000000082800000, 0x0000000100000000)
  region size 1024K, 35 young (35840K), 6 survivors (6144K)
 Metaspace       used 79453K, committed 79808K, reserved 1179648K
  class space    used 8719K, committed 8896K, reserved 1048576K
}
Event: 10.100 GC heap after
{Heap after GC invocations=31 (full 0):
 garbage-first heap   total 171008K, used 100555K [0x0000000082800000, 0x0000000100000000)
  region size 1024K, 4 young (4096K), 4 survivors (4096K)
 Metaspace       used 79453K, committed 79808K, reserved 1179648K
  class space    used 8719K, committed 8896K, reserved 1048576K
}
Event: 11.107 GC heap before
{Heap before GC invocations=31 (full 0):
 garbage-first heap   total 171008K, used 148683K [0x0000000082800000, 0x0000000100000000)
  region size 1024K, 51 young (52224K), 4 survivors (4096K)
 Metaspace       used 85362K, committed 85760K, reserved 1179648K
  class space    used 9225K, committed 9408K, reserved 1048576K
}
Event: 11.128 GC heap after
{Heap after GC invocations=32 (full 0):
 garbage-first heap   total 171008K, used 104721K [0x0000000082800000, 0x0000000100000000)
  region size 1024K, 7 young (7168K), 7 survivors (7168K)
 Metaspace       used 85362K, committed 85760K, reserved 1179648K
  class space    used 9225K, committed 9408K, reserved 1048576K
}

